2019-09-20 09:27:48,776 [vshost.Exec] INFO MosaMosaicIntegration.Controlador.Application - Error al Inicializar Configuración MMI
2019-09-20 09:28:12,532 [vshost.Exec] INFO MosaMosaicIntegration.Controlador.Application - Error al Inicializar Configuración MMI
2019-09-20 09:29:28,646 [vshost.Exec] INFO MosaMosaicIntegration.Controlador.Application - Error al Inicializar Configuración MMI
2019-09-20 09:29:31,653 [vshost.Exec] INFO MosaMosaicIntegration.Controlador.Application - Error al Inicializar Configuración MMI
2019-09-20 09:31:52,491 [vshost.Exec] INFO MosaMosaicIntegration.Controlador.Application - Error al Inicializar Configuración MMI
2019-09-20 09:32:01,669 [vshost.Exec] INFO MosaMosaicIntegration.Controlador.Application - Error al Inicializar Configuración MMI
2019-09-20 09:33:36,983 [vshost.Exec] INFO MosaMosaicIntegration.Controlador.Application - Error al Inicializar Configuración MMI
2019-09-20 09:36:03,883 [vshost.Exec] INFO MosaMosaicIntegration.Controlador.Application - Error al Inicializar Configuración MMI
2019-09-20 09:36:03,907 [vshost.Exec] WARN MosaMosaicIntegration.Controlador.Application - No Existe: C:\Users\ymontero\Source\Repos\MMI\MosaMosaicIntegration\bin\Debug\mmi.xml
2019-09-23 19:41:21,573 [vshost.Exec] INFO MosaMosaicIntegration.Controlador.Application - Configuración inicializada.
2019-09-23 19:41:33,383 [vshost.Exec] INFO MosaMosaicIntegration.Controlador.Application - REQUEST: {"nroterminal":2360,"codoficina":9272,"carnetatencion":"0"}
2019-09-23 19:41:33,485 [vshost.Exec] INFO MosaMosaicIntegration.Controlador.Application - RESPONSE: {"taquilla":{"exists":false,"nrotaquilla":0,"nroterminal":0,"codoficina":0,"codestatus":null,"fechamodificacion":null,"carnetaten":0,"tipocola":[]},"estatus":{"codigo":null,"mensajeProgramador":[],"mensajeUsuario":[]}}
2019-09-23 20:00:34,686 [vshost.Exec] INFO MosaMosaicIntegration.Controlador.Application - Configuración inicializada.
2019-09-23 20:00:41,002 [vshost.Exec] INFO MosaMosaicIntegration.Controlador.Application - REQUEST: {"nroterminal":2360,"codoficina":9272,"carnetatencion":"526940"}
2019-09-23 20:00:41,025 [vshost.Exec] INFO MosaMosaicIntegration.Controlador.Application - RESPONSE: {"taquilla":{"exists":false,"nrotaquilla":0,"nroterminal":0,"codoficina":0,"codestatus":null,"fechamodificacion":null,"carnetaten":0,"tipocola":[]},"estatus":{"codigo":null,"mensajeProgramador":[],"mensajeUsuario":[]}}
2019-09-23 20:04:43,593 [vshost.Exec] INFO MosaMosaicIntegration.Controlador.Application - Configuración inicializada.
2019-09-23 20:04:49,516 [vshost.Exec] INFO MosaMosaicIntegration.Controlador.Application - REQUEST: {"nroterminal":2360,"codoficina":9272,"carnetatencion":"b526940"}
2019-09-23 20:04:49,540 [vshost.Exec] INFO MosaMosaicIntegration.Controlador.Application - RESPONSE: {"taquilla":{"exists":false,"nrotaquilla":0,"nroterminal":0,"codoficina":0,"codestatus":null,"fechamodificacion":null,"carnetaten":0,"tipocola":[]},"estatus":{"codigo":null,"mensajeProgramador":[],"mensajeUsuario":[]}}
2019-09-23 20:10:31,543 [vshost.Exec] INFO MosaMosaicIntegration.Controlador.Application - Configuración inicializada.
2019-09-23 20:10:36,250 [vshost.Exec] INFO MosaMosaicIntegration.Controlador.Application - REQUEST: {"nroterminal":2360,"codoficina":9272,"carnetatencion":"b526940"}
2019-09-23 20:10:36,273 [vshost.Exec] INFO MosaMosaicIntegration.Controlador.Application - RESPONSE: {"taquilla":{"exists":false,"nrotaquilla":0,"nroterminal":0,"codoficina":0,"codestatus":null,"fechamodificacion":null,"carnetaten":0,"tipocola":[]},"estatus":{"codigo":null,"mensajeProgramador":[],"mensajeUsuario":[]}}
2019-09-23 20:13:32,756 [vshost.Exec] INFO MosaMosaicIntegration.Controlador.Application - Configuración inicializada.
2019-09-23 20:14:34,726 [vshost.Exec] INFO MosaMosaicIntegration.Controlador.Application - REQUEST: {"nroterminal":2360,"codoficina":9272,"carnetatencion":"b526940"}
2019-09-23 20:14:34,751 [vshost.Exec] INFO MosaMosaicIntegration.Controlador.Application - RESPONSE: {"taquilla":{"exists":false,"nrotaquilla":0,"nroterminal":0,"codoficina":0,"codestatus":null,"fechamodificacion":null,"carnetaten":0,"tipocola":[]},"estatus":{"codigo":null,"mensajeProgramador":[],"mensajeUsuario":[]}}
2019-09-23 20:33:18,525 [vshost.Exec] INFO MosaMosaicIntegration.Controlador.Application - Configuración inicializada.
2019-09-23 20:33:23,271 [vshost.Exec] INFO MosaMosaicIntegration.Controlador.Application - REQUEST: {"nroterminal":2360,"codoficina":9272,"carnetatencion":"b526940"}
2019-09-23 20:33:23,351 [vshost.Exec] INFO MosaMosaicIntegration.Controlador.Application - RESPONSE: {"taquilla":{"exists":false,"nrotaquilla":0,"nroterminal":0,"codoficina":0,"codestatus":null,"fechamodificacion":null,"carnetaten":0,"username":[]},"estatus":{"codigo":"0008","mensajeProgramador":["Datos ingresados son invalidos","La taquilla no existe"],"mensajeUsuario":["Datos ingresados son invalidos","La taquilla no existe"]}}
2019-09-23 20:33:23,351 [vshost.Exec] ERROR MosaMosaicIntegration.Controlador.Application - Error en Metodo (logIn) codigo: 0008
2019-09-23 20:33:23,352 [vshost.Exec] INFO MosaMosaicIntegration.Controlador.Application - REQUEST: {"nroterminal":2360,"codoficina":9272,"carnetatencion":"b526940"}
2019-09-23 20:33:23,352 [vshost.Exec] INFO MosaMosaicIntegration.Controlador.Application - RESPONSE: {"taquilla":{"exists":false,"nrotaquilla":0,"nroterminal":0,"codoficina":0,"codestatus":null,"fechamodificacion":null,"carnetaten":0,"username":[]},"estatus":{"codigo":"0008","mensajeProgramador":["Datos ingresados son invalidos","La taquilla no existe"],"mensajeUsuario":["Datos ingresados son invalidos","La taquilla no existe"]}}
2019-09-23 20:34:48,072 [vshost.Exec] INFO MosaMosaicIntegration.Controlador.Application - Configuración inicializada.
2019-09-23 20:34:53,074 [vshost.Exec] INFO MosaMosaicIntegration.Controlador.Application - REQUEST: {"nroterminal":2360,"codoficina":9272,"carnetatencion":"b526940"}
2019-09-23 20:34:53,098 [vshost.Exec] INFO MosaMosaicIntegration.Controlador.Application - RESPONSE: {"taquilla":{"exists":false,"nrotaquilla":0,"nroterminal":0,"codoficina":0,"codestatus":null,"fechamodificacion":null,"carnetaten":0,"username":[]},"estatus":{"codigo":"0008","mensajeProgramador":["Datos ingresados son invalidos","La taquilla no existe"],"mensajeUsuario":["Datos ingresados son invalidos","La taquilla no existe"]}}
2019-09-23 20:41:48,309 [vshost.Exec] INFO MosaMosaicIntegration.Controlador.Application - Configuración inicializada.
2019-09-23 20:41:52,323 [vshost.Exec] INFO MosaMosaicIntegration.Controlador.Application - REQUEST: {"nroterminal":2360,"codoficina":9272,"carnetatencion":"b526940"}
2019-09-23 20:41:52,347 [vshost.Exec] INFO MosaMosaicIntegration.Controlador.Application - RESPONSE: {"taquilla":{"exists":false,"nrotaquilla":0,"nroterminal":0,"codoficina":0,"codestatus":null,"fechamodificacion":null,"carnetaten":0,"username":[]},"estatus":{"codigo":"0008","mensajeProgramador":["Datos ingresados son invalidos","La taquilla no existe"],"mensajeUsuario":["Datos ingresados son invalidos","La taquilla no existe"]}}
